<?xml version="1.0" encoding="UTF-8"?>
<coverage generated="1743976220018" clover="3.2.0">
  <project timestamp="1743976220018" name="All files">
    <metrics statements="65" coveredstatements="54" conditionals="18" coveredconditionals="15" methods="11" coveredmethods="9" elements="94" coveredelements="78" complexity="0" loc="65" ncloc="65" packages="3" files="3" classes="3"/>
    <package name="src">
      <metrics statements="10" coveredstatements="0" conditionals="2" coveredconditionals="0" methods="1" coveredmethods="0"/>
      <file name="index.ts" path="C:\Users\user\Documents\0_Facultate\SEM4\MPP\Lab\Car Dealership\my-app\backend\src\index.ts">
        <metrics statements="10" coveredstatements="0" conditionals="2" coveredconditionals="0" methods="1" coveredmethods="0"/>
        <line num="1" count="0" type="stmt"/>
        <line num="2" count="0" type="stmt"/>
        <line num="3" count="0" type="stmt"/>
        <line num="5" count="0" type="stmt"/>
        <line num="6" count="0" type="cond" truecount="0" falsecount="2"/>
        <line num="8" count="0" type="stmt"/>
        <line num="12" count="0" type="stmt"/>
        <line num="13" count="0" type="stmt"/>
        <line num="15" count="0" type="stmt"/>
        <line num="16" count="0" type="stmt"/>
      </file>
    </package>
    <package name="src.routes">
      <metrics statements="52" coveredstatements="51" conditionals="16" coveredconditionals="15" methods="10" coveredmethods="9"/>
      <file name="carRoutes.ts" path="C:\Users\user\Documents\0_Facultate\SEM4\MPP\Lab\Car Dealership\my-app\backend\src\routes\carRoutes.ts">
        <metrics statements="52" coveredstatements="51" conditionals="16" coveredconditionals="15" methods="10" coveredmethods="9"/>
        <line num="1" count="1" type="stmt"/>
        <line num="3" count="1" type="stmt"/>
        <line num="6" count="1" type="stmt"/>
        <line num="8" count="1" type="stmt"/>
        <line num="74" count="1" type="stmt"/>
        <line num="76" count="1" type="stmt"/>
        <line num="77" count="4" type="stmt"/>
        <line num="78" count="4" type="stmt"/>
        <line num="79" count="4" type="cond" truecount="1" falsecount="0"/>
        <line num="80" count="1" type="stmt"/>
        <line num="81" count="1" type="stmt"/>
        <line num="82" count="2" type="stmt"/>
        <line num="91" count="4" type="stmt"/>
        <line num="92" count="4" type="cond" truecount="2" falsecount="0"/>
        <line num="93" count="4" type="cond" truecount="2" falsecount="0"/>
        <line num="94" count="1" type="stmt"/>
        <line num="95" count="3" type="cond" truecount="2" falsecount="0"/>
        <line num="96" count="1" type="stmt"/>
        <line num="97" count="2" type="cond" truecount="0" falsecount="1"/>
        <line num="98" count="0" type="stmt"/>
        <line num="101" count="4" type="stmt"/>
        <line num="104" count="1" type="stmt"/>
        <line num="105" count="2" type="stmt"/>
        <line num="106" count="2" type="cond" truecount="1" falsecount="0"/>
        <line num="107" count="1" type="stmt"/>
        <line num="108" count="1" type="stmt"/>
        <line num="111" count="1" type="stmt"/>
        <line num="112" count="1" type="stmt"/>
        <line num="113" count="1" type="stmt"/>
        <line num="116" count="1" type="stmt"/>
        <line num="117" count="3" type="stmt"/>
        <line num="118" count="4" type="stmt"/>
        <line num="119" count="3" type="stmt"/>
        <line num="120" count="3" type="cond" truecount="1" falsecount="0"/>
        <line num="121" count="1" type="stmt"/>
        <line num="122" count="1" type="stmt"/>
        <line num="125" count="2" type="stmt"/>
        <line num="126" count="2" type="cond" truecount="1" falsecount="0"/>
        <line num="127" count="1" type="stmt"/>
        <line num="128" count="1" type="stmt"/>
        <line num="130" count="1" type="stmt"/>
        <line num="132" count="1" type="stmt"/>
        <line num="133" count="1" type="stmt"/>
        <line num="136" count="1" type="stmt"/>
        <line num="137" count="2" type="stmt"/>
        <line num="138" count="3" type="stmt"/>
        <line num="139" count="2" type="cond" truecount="1" falsecount="0"/>
        <line num="140" count="1" type="stmt"/>
        <line num="141" count="1" type="stmt"/>
        <line num="144" count="1" type="stmt"/>
        <line num="145" count="1" type="stmt"/>
        <line num="148" count="1" type="stmt"/>
      </file>
    </package>
    <package name="src.validation">
      <metrics statements="3" coveredstatements="3" conditionals="0" coveredconditionals="0" methods="0" coveredmethods="0"/>
      <file name="carValidation.ts" path="C:\Users\user\Documents\0_Facultate\SEM4\MPP\Lab\Car Dealership\my-app\backend\src\validation\carValidation.ts">
        <metrics statements="3" coveredstatements="3" conditionals="0" coveredconditionals="0" methods="0" coveredmethods="0"/>
        <line num="1" count="1" type="stmt"/>
        <line num="3" count="1" type="stmt"/>
        <line num="12" count="1" type="stmt"/>
      </file>
    </package>
  </project>
</coverage>
