TN:
SF:src\index.ts
FN:15,(anonymous_1)
FNF:1
FNH:0
FNDA:0,(anonymous_1)
DA:1,0
DA:2,0
DA:3,0
DA:5,0
DA:6,0
DA:8,0
DA:12,0
DA:13,0
DA:15,0
DA:16,0
LF:10
LH:0
BRDA:6,0,0,0
BRDA:6,0,1,0
BRF:2
BRH:0
end_of_record
TN:
SF:src\routes\carRoutes.ts
FN:76,(anonymous_1)
FN:81,(anonymous_2)
FN:94,(anonymous_3)
FN:96,(anonymous_4)
FN:98,(anonymous_5)
FN:104,(anonymous_6)
FN:116,(anonymous_7)
FN:118,(anonymous_8)
FN:136,(anonymous_9)
FN:138,(anonymous_10)
FNF:10
FNH:9
FNDA:4,(anonymous_1)
FNDA:2,(anonymous_2)
FNDA:1,(anonymous_3)
FNDA:1,(anonymous_4)
FNDA:0,(anonymous_5)
FNDA:2,(anonymous_6)
FNDA:3,(anonymous_7)
FNDA:4,(anonymous_8)
FNDA:2,(anonymous_9)
FNDA:3,(anonymous_10)
DA:1,1
DA:3,1
DA:6,1
DA:8,1
DA:74,1
DA:76,1
DA:77,4
DA:78,4
DA:79,4
DA:80,1
DA:81,1
DA:82,2
DA:91,4
DA:92,4
DA:93,4
DA:94,1
DA:95,3
DA:96,1
DA:97,2
DA:98,0
DA:101,4
DA:104,1
DA:105,2
DA:106,2
DA:107,1
DA:108,1
DA:111,1
DA:112,1
DA:113,1
DA:116,1
DA:117,3
DA:118,4
DA:119,3
DA:120,3
DA:121,1
DA:122,1
DA:125,2
DA:126,2
DA:127,1
DA:128,1
DA:130,1
DA:132,1
DA:133,1
DA:136,1
DA:137,2
DA:138,3
DA:139,2
DA:140,1
DA:141,1
DA:144,1
DA:145,1
DA:148,1
LF:52
LH:51
BRDA:79,0,0,1
BRDA:83,1,0,2
BRDA:83,1,1,1
BRDA:83,1,2,1
BRDA:83,1,3,1
BRDA:92,2,0,1
BRDA:92,2,1,3
BRDA:93,3,0,1
BRDA:93,3,1,3
BRDA:95,4,0,1
BRDA:95,4,1,2
BRDA:97,5,0,0
BRDA:106,6,0,1
BRDA:120,7,0,1
BRDA:126,8,0,1
BRDA:139,9,0,1
BRF:16
BRH:15
end_of_record
TN:
SF:src\validation\carValidation.ts
FNF:0
FNH:0
DA:1,1
DA:3,1
DA:12,1
LF:3
LH:3
BRF:0
BRH:0
end_of_record
