TN:
SF:src\index.ts
FN:18,(anonymous_1)
FN:22,(anonymous_2)
FNF:2
FNH:0
FNDA:0,(anonymous_1)
FNDA:0,(anonymous_2)
DA:1,0
DA:2,0
DA:3,0
DA:5,0
DA:6,0
DA:8,0
DA:14,0
DA:16,0
DA:18,0
DA:19,0
DA:22,0
DA:23,0
LF:12
LH:0
BRDA:6,0,0,0
BRDA:6,0,1,0
BRF:2
BRH:0
end_of_record
TN:
SF:src\routes\carRoutes.ts
FN:18,(anonymous_1)
FN:29,(anonymous_2)
FN:34,(anonymous_3)
FN:47,(anonymous_4)
FN:49,(anonymous_5)
FN:51,(anonymous_6)
FN:57,(anonymous_7)
FN:69,(anonymous_8)
FN:71,(anonymous_9)
FN:86,(anonymous_10)
FN:88,(anonymous_11)
FNF:11
FNH:10
FNDA:100,(anonymous_1)
FNDA:4,(anonymous_2)
FNDA:2,(anonymous_3)
FNDA:1,(anonymous_4)
FNDA:1,(anonymous_5)
FNDA:0,(anonymous_6)
FNDA:2,(anonymous_7)
FNDA:3,(anonymous_8)
FNDA:4,(anonymous_9)
FNDA:2,(anonymous_10)
FNDA:3,(anonymous_11)
DA:1,1
DA:3,1
DA:5,1
DA:6,1
DA:8,1
DA:10,1
DA:12,1
DA:13,1
DA:14,1
DA:15,1
DA:16,1
DA:18,100
DA:20,0
DA:21,0
DA:22,0
DA:25,1
DA:27,1
DA:29,1
DA:30,4
DA:31,4
DA:32,4
DA:33,1
DA:34,1
DA:35,2
DA:44,4
DA:45,4
DA:46,4
DA:47,1
DA:48,3
DA:49,1
DA:50,2
DA:51,0
DA:54,4
DA:57,1
DA:58,2
DA:59,2
DA:60,1
DA:61,1
DA:64,1
DA:65,1
DA:66,1
DA:69,1
DA:70,3
DA:71,4
DA:72,3
DA:73,1
DA:74,1
DA:77,2
DA:78,2
DA:79,1
DA:80,1
DA:82,1
DA:83,1
DA:86,1
DA:87,2
DA:88,3
DA:89,2
DA:90,1
DA:91,1
DA:94,1
DA:95,1
DA:103,1
LF:62
LH:58
BRDA:18,0,0,1
BRDA:18,0,1,0
BRDA:32,1,0,1
BRDA:36,2,0,2
BRDA:36,2,1,1
BRDA:36,2,2,1
BRDA:36,2,3,1
BRDA:45,3,0,1
BRDA:45,3,1,3
BRDA:46,4,0,1
BRDA:46,4,1,3
BRDA:48,5,0,1
BRDA:48,5,1,2
BRDA:50,6,0,0
BRDA:59,7,0,1
BRDA:72,8,0,1
BRDA:78,9,0,1
BRDA:89,10,0,1
BRF:18
BRH:16
end_of_record
TN:
SF:src\validation\carValidation.ts
FNF:0
FNH:0
DA:1,1
DA:3,1
DA:12,1
LF:3
LH:3
BRF:0
BRH:0
end_of_record
